  Common.cpp
C:\M_S\Warriors\Warriors_Server\Warriors_Server\Common.h(103,30): warning C4251: 'cCharactersInfo::players': class 'std::map<int,cCharacter,std::less<int>,std::allocator<std::pair<const int,cCharacter>>>'에서는 class 'cCharactersInfo'의 클라이언트에서 DLL 인터페이스를 사용하도록 지정해야 합니다.
C:\M_S\Warriors\Warriors_Server\Warriors_Server\Common.h(103): message : 'std::map<int,cCharacter,std::less<int>,std::allocator<std::pair<const int,cCharacter>>>' 선언을 참조하십시오.
C:\M_S\Warriors\Warriors_Server\Warriors_Server\Common.cpp(4,1): warning C4273: 'cCharacter::cCharacter': dll 연결이 일치하지 않습니다.
C:\M_S\Warriors\Warriors_Server\Warriors_Server\Common.h(36,2): message : '{ctor}'의 이전 정의를 참조하십시오.
C:\M_S\Warriors\Warriors_Server\Warriors_Server\Common.cpp(8,1): warning C4273: 'cCharacter::~cCharacter': dll 연결이 일치하지 않습니다.
C:\M_S\Warriors\Warriors_Server\Warriors_Server\Common.h(37,3): message : '{dtor}'의 이전 정의를 참조하십시오.
C:\M_S\Warriors\Warriors_Server\Warriors_Server\Common.cpp(12,1): warning C4273: 'cCharactersInfo::cCharactersInfo': dll 연결이 일치하지 않습니다.
C:\M_S\Warriors\Warriors_Server\Warriors_Server\Common.h(100,2): message : '{ctor}'의 이전 정의를 참조하십시오.
C:\M_S\Warriors\Warriors_Server\Warriors_Server\Common.cpp(16,1): warning C4273: 'cCharactersInfo::~cCharactersInfo': dll 연결이 일치하지 않습니다.
C:\M_S\Warriors\Warriors_Server\Warriors_Server\Common.h(101,3): message : '{dtor}'의 이전 정의를 참조하십시오.
C:\M_S\Warriors\Warriors_Server\Warriors_Server\Common.cpp(20,1): warning C4273: 'CommonClass::CommonClass': dll 연결이 일치하지 않습니다.
C:\M_S\Warriors\Warriors_Server\Warriors_Server\Common.h(139,2): message : '{ctor}'의 이전 정의를 참조하십시오.
C:\M_S\Warriors\Warriors_Server\Warriors_Server\Common.cpp(25,1): warning C4273: 'CommonClass::~CommonClass': dll 연결이 일치하지 않습니다.
C:\M_S\Warriors\Warriors_Server\Warriors_Server\Common.h(140,3): message : '{dtor}'의 이전 정의를 참조하십시오.
  Warriors_Server.cpp
C:\M_S\Warriors\Warriors_Server\Warriors_Server\Common.h(103,30): warning C4251: 'cCharactersInfo::players': class 'std::map<int,cCharacter,std::less<int>,std::allocator<std::pair<const int,cCharacter>>>'에서는 class 'cCharactersInfo'의 클라이언트에서 DLL 인터페이스를 사용하도록 지정해야 합니다.
C:\M_S\Warriors\Warriors_Server\Warriors_Server\Common.h(103): message : 'std::map<int,cCharacter,std::less<int>,std::allocator<std::pair<const int,cCharacter>>>' 선언을 참조하십시오.
C:\M_S\Warriors\Warriors_Server\Warriors_Server\Warriors_Server.cpp(270,14): warning C4129: 'd': 문자 이스케이프 시퀀스를 인식할 수 없습니다.
C:\M_S\Warriors\Warriors_Server\Warriors_Server\Warriors_Server.cpp(270,35): warning C4474: 'printf_s' : 서식 문자열에 전달된 인수가 너무 많습니다.
C:\M_S\Warriors\Warriors_Server\Warriors_Server\Warriors_Server.cpp(270,35): message : 자리 표시자 및 해당 매개 변수에는 variadic 인수가 0개 필요하지만 1개가 제공되었습니다.
C:\M_S\Warriors\Warriors_Server\Warriors_Server\Warriors_Server.cpp(243,8): warning C4101: 'flags' :참조되지 않은 지역 변수입니다.
C:\M_S\Warriors\Warriors_Server\Warriors_Server\Warriors_Server.cpp(242,8): warning C4101: 'recvBytes' :참조되지 않은 지역 변수입니다.
C:\M_S\Warriors\Warriors_Server\Warriors_Server\Warriors_Server.cpp(239,14): warning C4101: 'clientAddr' :참조되지 않은 지역 변수입니다.
C:\M_S\Warriors\Warriors_Server\Warriors_Server\Warriors_Server.cpp(293,47): warning C4474: 'printf_s' : 서식 문자열에 전달된 인수가 너무 많습니다.
C:\M_S\Warriors\Warriors_Server\Warriors_Server\Warriors_Server.cpp(293,47): message : 자리 표시자 및 해당 매개 변수에는 variadic 인수가 0개 필요하지만 1개가 제공되었습니다.
C:\M_S\Warriors\Warriors_Server\Warriors_Server\Warriors_Server.cpp(320,47): warning C4474: 'printf_s' : 서식 문자열에 전달된 인수가 너무 많습니다.
C:\M_S\Warriors\Warriors_Server\Warriors_Server\Warriors_Server.cpp(320,47): message : 자리 표시자 및 해당 매개 변수에는 variadic 인수가 0개 필요하지만 1개가 제공되었습니다.
C:\M_S\Warriors\Warriors_Server\Warriors_Server\Warriors_Server.cpp(355,1): error C2059: 구문 오류: '/'
C:\M_S\Warriors\Warriors_Server\Warriors_Server\Warriors_Server.cpp(465,56): warning C4474: 'printf_s' : 서식 문자열에 전달된 인수가 너무 많습니다.
C:\M_S\Warriors\Warriors_Server\Warriors_Server\Warriors_Server.cpp(465,56): message : 자리 표시자 및 해당 매개 변수에는 variadic 인수가 0개 필요하지만 1개가 제공되었습니다.
C:\M_S\Warriors\Warriors_Server\Warriors_Server\Warriors_Server.cpp(600,13): warning C4477: 'printf_s' : 서식 문자열 '%d'에 'int' 형식의 인수가 필요하지만 variadic 인수 1의 형식이 'SOCKET'입니다.
C:\M_S\Warriors\Warriors_Server\Warriors_Server\Warriors_Server.cpp(600,13): message : 서식 문자열에서 '%lld'을(를) 사용하는 것이 좋습니다.
C:\M_S\Warriors\Warriors_Server\Warriors_Server\Warriors_Server.cpp(600,13): message : 서식 문자열에서 '%Id'을(를) 사용하는 것이 좋습니다.
C:\M_S\Warriors\Warriors_Server\Warriors_Server\Warriors_Server.cpp(600,13): message : 서식 문자열에서 '%I64d'을(를) 사용하는 것이 좋습니다.
C:\M_S\Warriors\Warriors_Server\Warriors_Server\Warriors_Server.cpp(653,11): warning C4477: 'printf_s' : 서식 문자열 '%s'에 'char *' 형식의 인수가 필요하지만 variadic 인수 1의 형식이 'std::string'입니다.
C:\M_S\Warriors\Warriors_Server\Warriors_Server\Warriors_Server.cpp(653,11): warning C4477: 'printf_s' : 서식 문자열 '%s'에 'char *' 형식의 인수가 필요하지만 variadic 인수 2의 형식이 'std::string'입니다.
C:\M_S\Warriors\Warriors_Server\Warriors_Server\Warriors_Server.cpp(661,50): warning C4267: '=': 'size_t'에서 'ULONG'(으)로 변환하면서 데이터가 손실될 수 있습니다.
C:\M_S\Warriors\Warriors_Server\Warriors_Server\Warriors_Server.cpp(674,11): warning C4477: 'printf_s' : 서식 문자열 '%s'에 'char *' 형식의 인수가 필요하지만 variadic 인수 1의 형식이 'std::string'입니다.
C:\M_S\Warriors\Warriors_Server\Warriors_Server\Warriors_Server.cpp(674,11): warning C4477: 'printf_s' : 서식 문자열 '%s'에 'char *' 형식의 인수가 필요하지만 variadic 인수 2의 형식이 'std::string'입니다.
C:\M_S\Warriors\Warriors_Server\Warriors_Server\Warriors_Server.cpp(682,50): warning C4267: '=': 'size_t'에서 'ULONG'(으)로 변환하면서 데이터가 손실될 수 있습니다.
C:\M_S\Warriors\Warriors_Server\Warriors_Server\Warriors_Server.cpp(724,11): warning C4477: 'printf_s' : 서식 문자열 '%d'에 'int' 형식의 인수가 필요하지만 variadic 인수 1의 형식이 'unsigned __int64'입니다.
C:\M_S\Warriors\Warriors_Server\Warriors_Server\Warriors_Server.cpp(724,11): message : 서식 문자열에서 '%zd'을(를) 사용하는 것이 좋습니다.
C:\M_S\Warriors\Warriors_Server\Warriors_Server\Warriors_Server.cpp(774,11): warning C4477: 'printf_s' : 서식 문자열 '%d'에 'int' 형식의 인수가 필요하지만 variadic 인수 1의 형식이 'unsigned __int64'입니다.
C:\M_S\Warriors\Warriors_Server\Warriors_Server\Warriors_Server.cpp(774,11): message : 서식 문자열에서 '%zd'을(를) 사용하는 것이 좋습니다.
C:\M_S\Warriors\Warriors_Server\Warriors_Server\Warriors_Server.cpp(813,11): warning C4477: 'printf_s' : 서식 문자열 '%s'에 'char *' 형식의 인수가 필요하지만 variadic 인수 1의 형식이 'std::string'입니다.
C:\M_S\Warriors\Warriors_Server\Warriors_Server\Warriors_Server.cpp(856,50): warning C4267: '=': 'size_t'에서 'ULONG'(으)로 변환하면서 데이터가 손실될 수 있습니다.
C:\M_S\Warriors\Warriors_Server\Warriors_Server\Warriors_Server.cpp(872,1): error C2084: 'void MainIocp::WriteCharactersInfoToSocket(stSOCKETINFO *)' 함수에 이미 본문이 있습니다.
C:\M_S\Warriors\Warriors_Server\Warriors_Server\Warriors_Server.cpp(533): message : 'WriteCharactersInfoToSocket'의 이전 정의를 참조하십시오.
C:\M_S\Warriors\Warriors_Server\Warriors_Server\Warriors_Server.cpp(882,50): warning C4267: '=': 'size_t'에서 'ULONG'(으)로 변환하면서 데이터가 손실될 수 있습니다.
C:\M_S\Warriors\Warriors_Server\Warriors_Server\Warriors_Server.cpp(987,14): warning C4129: 'd': 문자 이스케이프 시퀀스를 인식할 수 없습니다.
C:\M_S\Warriors\Warriors_Server\Warriors_Server\Warriors_Server.cpp(987,37): warning C4474: 'printf_s' : 서식 문자열에 전달된 인수가 너무 많습니다.
C:\M_S\Warriors\Warriors_Server\Warriors_Server\Warriors_Server.cpp(987,37): message : 자리 표시자 및 해당 매개 변수에는 variadic 인수가 0개 필요하지만 1개가 제공되었습니다.
C:\M_S\Warriors\Warriors_Server\Warriors_Server\Warriors_Server.cpp(1144,13): warning C4477: 'printf_s' : 서식 문자열 '%d'에 'int' 형식의 인수가 필요하지만 variadic 인수 1의 형식이 'SOCKET'입니다.
C:\M_S\Warriors\Warriors_Server\Warriors_Server\Warriors_Server.cpp(1144,13): message : 서식 문자열에서 '%lld'을(를) 사용하는 것이 좋습니다.
C:\M_S\Warriors\Warriors_Server\Warriors_Server\Warriors_Server.cpp(1144,13): message : 서식 문자열에서 '%Id'을(를) 사용하는 것이 좋습니다.
C:\M_S\Warriors\Warriors_Server\Warriors_Server\Warriors_Server.cpp(1144,13): message : 서식 문자열에서 '%I64d'을(를) 사용하는 것이 좋습니다.
  코드를 생성하고 있습니다...
